[ 2025-02-06 03:50:08,081 ] 28 root - INFO - Started Data Ingestion
[ 2025-02-06 03:50:08,099 ] 31 root - INFO - Read the dataset
[ 2025-02-06 03:50:08,168 ] 36 root - INFO - Train Test Split Initiated
[ 2025-02-06 03:50:08,241 ] 43 root - INFO - Data Ingestion Is Completed
[ 2025-02-06 03:50:08,265 ] 89 root - INFO - read test and train data...
[ 2025-02-06 03:50:08,265 ] 90 root - INFO - Get Preprocessing Object
[ 2025-02-06 03:50:08,265 ] 51 root - INFO - Numerical Columns Standard Scaling Done
[ 2025-02-06 03:50:08,265 ] 60 root - INFO - Categorical Columns Encoding Done
[ 2025-02-06 03:50:08,267 ] 68 root - INFO - preprocessiong.........
[ 2025-02-06 03:50:08,269 ] 102 root - INFO - Applying preprocessing object on test and train dataframe....
[ 2025-02-06 03:50:08,297 ] 114 root - INFO - Saving preprocessing object
[ 2025-02-06 03:50:08,301 ] 33 root - INFO - Splitting training and test input data
[ 2025-02-06 03:50:08,302 ] 84 root - INFO - \U0001f50d Optimisation des hyperparamètres pour : Random Forest
[ 2025-02-06 03:50:28,238 ] 84 root - INFO - \U0001f50d Optimisation des hyperparamètres pour : Decision Tree
[ 2025-02-06 03:50:29,510 ] 84 root - INFO - \U0001f50d Optimisation des hyperparamètres pour : Gradient Boosting
[ 2025-02-06 03:51:25,563 ] 84 root - INFO - \U0001f50d Optimisation des hyperparamètres pour : Linear Regression
[ 2025-02-06 03:51:25,698 ] 84 root - INFO - \U0001f50d Optimisation des hyperparamètres pour : XGBRegressor
[ 2025-02-06 03:51:25,812 ] 84 root - INFO - \U0001f50d Optimisation des hyperparamètres pour : CatBoost Regressor
[ 2025-02-06 03:51:30,785 ] 84 root - INFO - \U0001f50d Optimisation des hyperparamètres pour : AdaBoost Regressor
[ 2025-02-06 03:51:43,985 ] 118 root - INFO - Best model found: CatBoost Regressor with R2 score: 0.9963828298664932
