[ 2025-02-06 03:41:31,028 ] 28 root - INFO - Started Data Ingestion
[ 2025-02-06 03:41:31,045 ] 31 root - INFO - Read the dataset
[ 2025-02-06 03:41:31,115 ] 36 root - INFO - Train Test Split Initiated
[ 2025-02-06 03:41:31,185 ] 43 root - INFO - Data Ingestion Is Completed
[ 2025-02-06 03:41:31,207 ] 89 root - INFO - read test and train data...
[ 2025-02-06 03:41:31,207 ] 90 root - INFO - Get Preprocessing Object
[ 2025-02-06 03:41:31,207 ] 51 root - INFO - Numerical Columns Standard Scaling Done
[ 2025-02-06 03:41:31,207 ] 60 root - INFO - Categorical Columns Encoding Done
[ 2025-02-06 03:41:31,209 ] 68 root - INFO - preprocessiong.........
[ 2025-02-06 03:41:31,211 ] 102 root - INFO - Applying preprocessing object on test and train dataframe....
[ 2025-02-06 03:41:31,239 ] 114 root - INFO - Saving preprocessing object
[ 2025-02-06 03:41:31,243 ] 33 root - INFO - Splitting training and test input data
[ 2025-02-06 03:41:31,243 ] 84 root - INFO - \U0001f50d Optimisation des hyperparamètres pour : Random Forest
[ 2025-02-06 03:41:51,543 ] 84 root - INFO - \U0001f50d Optimisation des hyperparamètres pour : Decision Tree
[ 2025-02-06 03:41:52,973 ] 84 root - INFO - \U0001f50d Optimisation des hyperparamètres pour : Gradient Boosting
[ 2025-02-06 03:42:47,802 ] 84 root - INFO - \U0001f50d Optimisation des hyperparamètres pour : Linear Regression
[ 2025-02-06 03:42:47,935 ] 84 root - INFO - \U0001f50d Optimisation des hyperparamètres pour : XGBRegressor
[ 2025-02-06 03:42:48,052 ] 84 root - INFO - \U0001f50d Optimisation des hyperparamètres pour : CatBoost Regressor
[ 2025-02-06 03:42:50,487 ] 84 root - INFO - \U0001f50d Optimisation des hyperparamètres pour : AdaBoost Regressor
[ 2025-02-06 03:43:03,642 ] 118 root - INFO - Best model found: CatBoost Regressor with R2 score: 0.9963828298664932
