[ 2025-02-08 02:11:27,349 ] 26 root - INFO - Début de l'ingestion des données
[ 2025-02-08 02:11:27,369 ] 30 root - INFO - Lecture du dataset réussie
[ 2025-02-08 02:11:27,453 ] 35 root - INFO - Division Train/Test
[ 2025-02-08 02:11:27,455 ] 38 root - INFO - Division Train/Validation
[ 2025-02-08 02:11:27,536 ] 45 root - INFO - Ingestion des données et séparation terminée
[ 2025-02-08 02:11:27,563 ] 90 root - INFO - read test and train data...
[ 2025-02-08 02:11:27,563 ] 91 root - INFO - Get Preprocessing Object
[ 2025-02-08 02:11:27,563 ] 51 root - INFO - Numerical Columns Standard Scaling Done
[ 2025-02-08 02:11:27,565 ] 60 root - INFO - Categorical Columns Encoding Done
[ 2025-02-08 02:11:27,565 ] 68 root - INFO - preprocessiong.........
[ 2025-02-08 02:11:27,567 ] 106 root - INFO - Applying preprocessing object on test and train dataframe....
[ 2025-02-08 02:11:27,609 ] 123 root - INFO - Saving preprocessing object
[ 2025-02-08 02:11:27,614 ] 56 root - INFO - Splitting training and test input data
[ 2025-02-08 02:11:27,615 ] 182 root - INFO - \U0001f50d Performing GridSearchCV for: Random Forest
[ 2025-02-08 02:13:02,814 ] 182 root - INFO - \U0001f50d Performing GridSearchCV for: Decision Tree
[ 2025-02-08 02:13:04,040 ] 182 root - INFO - \U0001f50d Performing GridSearchCV for: Gradient Boosting
[ 2025-02-08 02:14:40,380 ] 182 root - INFO - \U0001f50d Performing GridSearchCV for: Linear Regression
[ 2025-02-08 02:14:40,406 ] 182 root - INFO - \U0001f50d Performing GridSearchCV for: CatBoost Regressor
[ 2025-02-08 02:15:17,560 ] 182 root - INFO - \U0001f50d Performing GridSearchCV for: AdaBoost Regressor
[ 2025-02-08 02:15:25,901 ] 159 root - ERROR - Error in initiate_model_trainer: 'super' object has no attribute '__sklearn_tags__'
